<?xml version="1.0" encoding="UTF-8"?>
<Site BuildName="Darwin-clang++"
	BuildStamp="20260120-1923-Experimental"
	Name="Milos-MBP.lan"
	Generator="ctest-3.31.7"
	CompilerName="/usr/bin/clang++"
	CompilerVersion="17.0.0.17000603"
	OSName="macOS"
	Hostname="Milos-MBP.lan"
	OSRelease="26.2"
	OSVersion="25C56"
	OSPlatform="arm64"
	Is64Bits="1"
	VendorString="Apple"
	VendorID="Apple"
	FamilyID="0"
	ModelID="0"
	ModelName="Apple M4 Pro"
	ProcessorCacheSize="131072"
	NumberOfLogicalCPU="14"
	NumberOfPhysicalCPU="14"
	TotalVirtualMemory="0"
	TotalPhysicalMemory="49152"
	LogicalProcessorsPerPhysical="14"
	ProcessorClockFrequency="0"
	>
	<Testing>
		<StartDateTime>Jan 20 14:27 EST</StartDateTime>
		<StartTestTime>1768937230</StartTestTime>
		<TestList/>
		<EndDateTime>Jan 20 14:27 EST</EndDateTime>
		<EndTestTime>1768937230</EndTestTime>
		<ElapsedMinutes>0</ElapsedMinutes>
	</Testing>
</Site>
